<?xml version="1.0" encoding="UTF-8"?>
<testsuite name="com.example.mycalculator.MainActivityTest" tests="2" skipped="0" failures="0" errors="0" timestamp="2025-11-05T21:43:41.718Z" hostname="CYRUS-THINKPAD" time="0.056">
  <properties/>
  <testcase name="calc_addition" classname="com.example.mycalculator.MainActivityTest" time="0.052"/>
  <testcase name="calc_subtraction" classname="com.example.mycalculator.MainActivityTest" time="0.0"/>
  <system-out><![CDATA[]]></system-out>
  <system-err><![CDATA[]]></system-err>
</testsuite>
